[INFO] Scanning for projects...
[INFO] 
[INFO] ----------------------< esprit.tn:esprit-4se2-pi >----------------------
[INFO] Building esprit-4se2-pi 0.0.1-SNAPSHOT
[INFO]   from pom.xml
[INFO] --------------------------------[ jar ]---------------------------------
[INFO] 
[INFO] --- resources:3.3.1:resources (default-resources) @ esprit-4se2-pi ---
[INFO] Copying 1 resource from src\main\resources to target\classes
[INFO] Copying 0 resource from src\main\resources to target\classes
[INFO] 
[INFO] --- compiler:3.11.0:compile (default-compile) @ esprit-4se2-pi ---
[INFO] Changes detected - recompiling the module! :source
[INFO] Compiling 245 source files with javac [debug release 17] to target\classes
[INFO] ------------------------------------------------------------------------
[INFO] BUILD SUCCESS
[INFO] ------------------------------------------------------------------------
[INFO] Total time:  9.814 s
[INFO] Finished at: 2026-03-29T21:50:55+01:00
[INFO] ------------------------------------------------------------------------
