[INFO] Scanning for projects...
[INFO] 
[INFO] ----------------------< esprit.tn:esprit-4se2-pi >----------------------
[INFO] Building esprit-4se2-pi 0.0.1-SNAPSHOT
[INFO]   from pom.xml
[INFO] --------------------------------[ jar ]---------------------------------
[INFO] 
[INFO] >>> spring-boot:3.2.0:run (default-cli) > test-compile @ esprit-4se2-pi >>>
[INFO] 
[INFO] --- resources:3.3.1:resources (default-resources) @ esprit-4se2-pi ---
[INFO] Copying 1 resource from src\main\resources to target\classes
[INFO] Copying 0 resource from src\main\resources to target\classes
[INFO] 
[INFO] --- compiler:3.11.0:compile (default-compile) @ esprit-4se2-pi ---
[INFO] Nothing to compile - all classes are up to date
[INFO] 
[INFO] --- resources:3.3.1:testResources (default-testResources) @ esprit-4se2-pi ---
[INFO] skip non existing resourceDirectory C:\Users\fehmi\Downloads\nnnnn\Esprit-PIDEV_SE-4SE2-2526-streetleague\src\test\resources
[INFO] 
[INFO] --- compiler:3.11.0:testCompile (default-testCompile) @ esprit-4se2-pi ---
[INFO] Nothing to compile - all classes are up to date
[INFO] 
[INFO] <<< spring-boot:3.2.0:run (default-cli) < test-compile @ esprit-4se2-pi <<<
[INFO] 
[INFO] 
[INFO] --- spring-boot:3.2.0:run (default-cli) @ esprit-4se2-pi ---
[INFO] Attaching agents: []

  .   ____          _            __ _ _
 /\\ / ___'_ __ _ _(_)_ __  __ _ \ \ \ \
( ( )\___ | '_ | '_| | '_ \/ _` | \ \ \ \
 \\/  ___)| |_)| | | | | || (_| |  ) ) ) )
  '  |____| .__|_| |_|_| |_\__, | / / / /
 =========|_|==============|___/=/_/_/_/
 :: Spring Boot ::                (v3.2.0)

2026-05-03T03:38:46.841+01:00  INFO 17204 --- [PI] [           main] tn.esprit._4se2.pi.PiApplication         : Starting PiApplication using Java 23.0.2 with PID 17204 (C:\Users\fehmi\Downloads\nnnnn\Esprit-PIDEV_SE-4SE2-2526-streetleague\target\classes started by fehmi in C:\Users\fehmi\Downloads\nnnnn\Esprit-PIDEV_SE-4SE2-2526-streetleague)
2026-05-03T03:38:46.844+01:00  INFO 17204 --- [PI] [           main] tn.esprit._4se2.pi.PiApplication         : No active profile set, falling back to 1 default profile: "default"
2026-05-03T03:38:47.673+01:00  INFO 17204 --- [PI] [           main] .s.d.r.c.RepositoryConfigurationDelegate : Bootstrapping Spring Data JPA repositories in DEFAULT mode.
2026-05-03T03:38:47.819+01:00  INFO 17204 --- [PI] [           main] .s.d.r.c.RepositoryConfigurationDelegate : Finished Spring Data repository scanning in 143 ms. Found 43 JPA repository interfaces.
2026-05-03T03:38:48.892+01:00  INFO 17204 --- [PI] [           main] o.s.b.w.embedded.tomcat.TomcatWebServer  : Tomcat initialized with port 8085 (http)
2026-05-03T03:38:48.918+01:00  INFO 17204 --- [PI] [           main] o.apache.catalina.core.StandardService   : Starting service [Tomcat]
2026-05-03T03:38:48.918+01:00  INFO 17204 --- [PI] [           main] o.apache.catalina.core.StandardEngine    : Starting Servlet engine: [Apache Tomcat/10.1.16]
2026-05-03T03:38:48.994+01:00  INFO 17204 --- [PI] [           main] o.a.c.c.C.[Tomcat].[localhost].[/]       : Initializing Spring embedded WebApplicationContext
2026-05-03T03:38:48.994+01:00  INFO 17204 --- [PI] [           main] w.s.c.ServletWebServerApplicationContext : Root WebApplicationContext: initialization completed in 2107 ms
2026-05-03T03:38:49.171+01:00  INFO 17204 --- [PI] [           main] o.hibernate.jpa.internal.util.LogHelper  : HHH000204: Processing PersistenceUnitInfo [name: default]
2026-05-03T03:38:49.248+01:00  INFO 17204 --- [PI] [           main] org.hibernate.Version                    : HHH000412: Hibernate ORM core version 6.3.1.Final
2026-05-03T03:38:49.286+01:00  INFO 17204 --- [PI] [           main] o.h.c.internal.RegionFactoryInitiator    : HHH000026: Second-level cache disabled
2026-05-03T03:38:49.564+01:00  INFO 17204 --- [PI] [           main] o.s.o.j.p.SpringPersistenceUnitInfo      : No LoadTimeWeaver setup: ignoring JPA class transformer
2026-05-03T03:38:49.593+01:00  INFO 17204 --- [PI] [           main] com.zaxxer.hikari.HikariDataSource       : HikariPool-1 - Starting...
2026-05-03T03:38:49.752+01:00  INFO 17204 --- [PI] [           main] com.zaxxer.hikari.pool.HikariPool        : HikariPool-1 - Added connection com.mysql.cj.jdbc.ConnectionImpl@a99c42c
2026-05-03T03:38:49.754+01:00  INFO 17204 --- [PI] [           main] com.zaxxer.hikari.HikariDataSource       : HikariPool-1 - Start completed.
2026-05-03T03:38:50.158+01:00  WARN 17204 --- [PI] [           main] o.h.boot.model.internal.ToOneBinder      : HHH000491: 'tn.esprit._4se2.pi.entities.Team.createdBy' uses both @NotFound and FetchType.LAZY. @ManyToOne and @OneToOne associations mapped with @NotFound are forced to EAGER fetching.
2026-05-03T03:38:51.404+01:00  INFO 17204 --- [PI] [           main] o.h.e.t.j.p.i.JtaPlatformInitiator       : HHH000489: No JTA platform available (set 'hibernate.transaction.jta.platform' to enable JTA platform integration)
2026-05-03T03:38:52.164+01:00  INFO 17204 --- [PI] [           main] j.LocalContainerEntityManagerFactoryBean : Initialized JPA EntityManagerFactory for persistence unit 'default'
? FileStorageConfig CONSTRUCTOR appelé !
2026-05-03T03:38:53.267+01:00  INFO 17204 --- [PI] [           main] o.s.d.j.r.query.QueryEnhancerFactory     : Hibernate is in classpath; If applicable, HQL parser will be used.
2026-05-03T03:38:55.812+01:00 DEBUG 17204 --- [PI] [           main] o.s.w.s.s.s.WebSocketHandlerMapping      : Patterns [/ws/**, /ws-chat/**] in 'stompWebSocketHandlerMapping'
2026-05-03T03:38:55.944+01:00  WARN 17204 --- [PI] [           main] JpaBaseConfiguration$JpaWebConfiguration : spring.jpa.open-in-view is enabled by default. Therefore, database queries may be performed during view rendering. Explicitly configure spring.jpa.open-in-view to disable this warning
2026-05-03T03:38:55.994+01:00 DEBUG 17204 --- [PI] [           main] .WebSocketAnnotationMethodMessageHandler : 
	t.e._.p.r.AdminRestController:
	
2026-05-03T03:38:56.001+01:00 DEBUG 17204 --- [PI] [           main] .WebSocketAnnotationMethodMessageHandler : 
	t.e._.p.r.AuthController:
	
2026-05-03T03:38:56.001+01:00 DEBUG 17204 --- [PI] [           main] .WebSocketAnnotationMethodMessageHandler : 
	t.e._.p.r.BadgeController:
	
2026-05-03T03:38:56.002+01:00 DEBUG 17204 --- [PI] [           main] .WebSocketAnnotationMethodMessageHandler : 
	t.e._.p.r.BookingRestController:
	
2026-05-03T03:38:56.002+01:00 DEBUG 17204 --- [PI] [           main] .WebSocketAnnotationMethodMessageHandler : 
	t.e._.p.r.CallController:
	
2026-05-03T03:38:56.002+01:00 DEBUG 17204 --- [PI] [           main] .WebSocketAnnotationMethodMessageHandler : 
	t.e._.p.r.CartRestController:
	
2026-05-03T03:38:56.002+01:00 DEBUG 17204 --- [PI] [           main] .WebSocketAnnotationMethodMessageHandler : 
	t.e._.p.r.CategoryRestController:
	
2026-05-03T03:38:56.002+01:00 DEBUG 17204 --- [PI] [           main] .WebSocketAnnotationMethodMessageHandler : 
	t.e._.p.r.ChatController:
	
2026-05-03T03:38:56.004+01:00 DEBUG 17204 --- [PI] [           main] .WebSocketAnnotationMethodMessageHandler : 
	t.e._.p.r.CommunityController:
	
2026-05-03T03:38:56.004+01:00 DEBUG 17204 --- [PI] [           main] .WebSocketAnnotationMethodMessageHandler : 
	t.e._.p.r.CompetitionController:
	
2026-05-03T03:38:56.004+01:00 DEBUG 17204 --- [PI] [           main] .WebSocketAnnotationMethodMessageHandler : 
	t.e._.p.r.FavoriteRestController:
	
2026-05-03T03:38:56.004+01:00 DEBUG 17204 --- [PI] [           main] .WebSocketAnnotationMethodMessageHandler : 
	t.e._.p.r.FeedbackRestController:
	
2026-05-03T03:38:56.004+01:00 DEBUG 17204 --- [PI] [           main] .WebSocketAnnotationMethodMessageHandler : 
	t.e._.p.r.FieldOwnerRestController:
	
2026-05-03T03:38:56.006+01:00 DEBUG 17204 --- [PI] [           main] .WebSocketAnnotationMethodMessageHandler : 
	t.e._.p.r.MatchController:
	
2026-05-03T03:38:56.006+01:00 DEBUG 17204 --- [PI] [           main] .WebSocketAnnotationMethodMessageHandler : 
	t.e._.p.r.MatchEventController:
	
2026-05-03T03:38:56.006+01:00 DEBUG 17204 --- [PI] [           main] .WebSocketAnnotationMethodMessageHandler : 
	t.e._.p.r.NotificationRestController:
	
2026-05-03T03:38:56.007+01:00 DEBUG 17204 --- [PI] [           main] .WebSocketAnnotationMethodMessageHandler : 
	t.e._.p.r.PasswordResetController:
	
2026-05-03T03:38:56.008+01:00 DEBUG 17204 --- [PI] [           main] .WebSocketAnnotationMethodMessageHandler : 
	t.e._.p.r.PerformanceController:
	
2026-05-03T03:38:56.008+01:00 DEBUG 17204 --- [PI] [           main] .WebSocketAnnotationMethodMessageHandler : 
	t.e._.p.r.PlayerLevelController:
	
2026-05-03T03:38:56.009+01:00 DEBUG 17204 --- [PI] [           main] .WebSocketAnnotationMethodMessageHandler : 
	t.e._.p.r.PlayerRestController:
	
2026-05-03T03:38:56.010+01:00 DEBUG 17204 --- [PI] [           main] .WebSocketAnnotationMethodMessageHandler : 
	t.e._.p.r.PricingRuleRestController:
	
2026-05-03T03:38:56.010+01:00 DEBUG 17204 --- [PI] [           main] .WebSocketAnnotationMethodMessageHandler : 
	t.e._.p.r.ProductRestController:
	
2026-05-03T03:38:56.011+01:00 DEBUG 17204 --- [PI] [           main] .WebSocketAnnotationMethodMessageHandler : 
	t.e._.p.r.PromoCodeRestController:
	
2026-05-03T03:38:56.012+01:00 DEBUG 17204 --- [PI] [           main] .WebSocketAnnotationMethodMessageHandler : 
	t.e._.p.r.PromotionController:
	
2026-05-03T03:38:56.012+01:00 DEBUG 17204 --- [PI] [           main] .WebSocketAnnotationMethodMessageHandler : 
	t.e._.p.r.RegistrationController:
	
2026-05-03T03:38:56.013+01:00 DEBUG 17204 --- [PI] [           main] .WebSocketAnnotationMethodMessageHandler : 
	t.e._.p.r.SportSpaceAvailabilityRestController:
	
2026-05-03T03:38:56.013+01:00 DEBUG 17204 --- [PI] [           main] .WebSocketAnnotationMethodMessageHandler : 
	t.e._.p.r.SportSpaceRestController:
	
2026-05-03T03:38:56.014+01:00 DEBUG 17204 --- [PI] [           main] .WebSocketAnnotationMethodMessageHandler : 
	t.e._.p.r.TeamBookingRestController:
	
2026-05-03T03:38:56.014+01:00 DEBUG 17204 --- [PI] [           main] .WebSocketAnnotationMethodMessageHandler : 
	t.e._.p.r.TeamController:
	
2026-05-03T03:38:56.015+01:00 DEBUG 17204 --- [PI] [           main] .WebSocketAnnotationMethodMessageHandler : 
	t.e._.p.r.TeamLineupController:
	
2026-05-03T03:38:56.015+01:00 DEBUG 17204 --- [PI] [           main] .WebSocketAnnotationMethodMessageHandler : 
	t.e._.p.r.TeamManagerRestController:
	
2026-05-03T03:38:56.015+01:00 DEBUG 17204 --- [PI] [           main] .WebSocketAnnotationMethodMessageHandler : 
	t.e._.p.r.TeamMemberController:
	
2026-05-03T03:38:56.016+01:00 DEBUG 17204 --- [PI] [           main] .WebSocketAnnotationMethodMessageHandler : 
	t.e._.p.r.UserRestController:
	
2026-05-03T03:38:56.020+01:00 DEBUG 17204 --- [PI] [           main] .WebSocketAnnotationMethodMessageHandler : 
	t.e._.p.w.ChatWebSocketController:
	{[MESSAGE],[/call.reject]}: handleCallReject(Map,Principal,SimpMessageHeaderAccessor)
	{[MESSAGE],[/call.end]}: handleCallEnd(Map,Principal,SimpMessageHeaderAccessor)
	{[MESSAGE],[/call.ice]}: handleCallIce(Map,Principal,SimpMessageHeaderAccessor)
	{[MESSAGE],[/call.offer]}: handleCallOffer(Map,Principal,SimpMessageHeaderAccessor)
	{[MESSAGE],[/call.answer]}: handleCallAnswer(Map,Principal,SimpMessageHeaderAccessor)
	{[MESSAGE],[/chat.history]}: handleHistory(Map,Principal,SimpMessageHeaderAccessor)
	{[MESSAGE],[/chat.leave]}: handleLeave(Map,SimpMessageHeaderAccessor)
	{[MESSAGE],[/call.invite]}: handleCallInvite(Map,Principal,SimpMessageHeaderAccessor)
	{[MESSAGE],[/chat.typing]}: handleTyping(Map,SimpMessageHeaderAccessor,Principal)
	{[MESSAGE],[/chat.send]}: handleSend(Map,SimpMessageHeaderAccessor,Principal)
	{[MESSAGE],[/chat.join]}: handleJoin(Map,SimpMessageHeaderAccessor,Principal)
2026-05-03T03:38:56.023+01:00 DEBUG 17204 --- [PI] [           main] .WebSocketAnnotationMethodMessageHandler : 
	t.e._.p.w.WebSocketEventHandler:
	{[MESSAGE],[/join-user-room]}: joinUserRoom(JoinUserRoomRequest)
	{[SUBSCRIBE],[/topic/notifications]}: subscribeToNotifications()
	{[MESSAGE],[/send-notification]}: handleGenericNotification(GenericNotificationMessage)
	{[MESSAGE],[/send-reservation-notification]}: handleReservationNotification(ReservationNotificationMessage)
	{[MESSAGE],[/send-cancellation-notification]}: handleCancellationNotification(CancellationNotificationMessage)
2026-05-03T03:38:56.027+01:00 DEBUG 17204 --- [PI] [           main] .WebSocketAnnotationMethodMessageHandler : 
	o.s.b.a.w.s.e.BasicErrorController:
	
2026-05-03T03:38:56.028+01:00 DEBUG 17204 --- [PI] [           main] .WebSocketAnnotationMethodMessageHandler : 
	o.s.w.a.MultipleOpenApiWebMvcResource:
	
2026-05-03T03:38:56.033+01:00 DEBUG 17204 --- [PI] [           main] .WebSocketAnnotationMethodMessageHandler : 
	o.s.w.a.OpenApiWebMvcResource:
	
2026-05-03T03:38:56.033+01:00 DEBUG 17204 --- [PI] [           main] .WebSocketAnnotationMethodMessageHandler : 
	o.s.w.u.SwaggerWelcomeWebMvc:
	
2026-05-03T03:38:56.033+01:00 DEBUG 17204 --- [PI] [           main] .WebSocketAnnotationMethodMessageHandler : 
	o.s.w.u.SwaggerConfigResource:
	
2026-05-03T03:38:56.287+01:00 DEBUG 17204 --- [PI] [           main] s.w.s.m.m.a.RequestMappingHandlerMapping : 231 mappings in 'requestMappingHandlerMapping'
? addResourceHandlers() appelé !
? ResourceHandler configuré : /uploads/** -> file:uploads/
2026-05-03T03:38:56.344+01:00 DEBUG 17204 --- [PI] [           main] o.s.w.s.handler.SimpleUrlHandlerMapping  : Patterns [/webjars/**, /**, /uploads/**, /swagger-ui*/*swagger-initializer.js, /swagger-ui*/**] in 'resourceHandlerMapping'
2026-05-03T03:38:56.383+01:00  INFO 17204 --- [PI] [           main] o.s.s.web.DefaultSecurityFilterChain     : Will secure Or [Mvc [pattern='/uploads/**']] with [org.springframework.security.web.session.DisableEncodeUrlFilter@36353a95, org.springframework.security.web.context.request.async.WebAsyncManagerIntegrationFilter@107b30e0, org.springframework.security.web.context.SecurityContextHolderFilter@1ac28194, org.springframework.security.web.header.HeaderWriterFilter@5c3908bd, org.springframework.security.web.authentication.logout.LogoutFilter@ab8b7f, org.springframework.security.web.savedrequest.RequestCacheAwareFilter@e39a6c2, org.springframework.security.web.servletapi.SecurityContextHolderAwareRequestFilter@5d46f79f, org.springframework.security.web.authentication.AnonymousAuthenticationFilter@9bdf4e, org.springframework.security.web.access.ExceptionTranslationFilter@2b868210, org.springframework.security.web.access.intercept.AuthorizationFilter@508edcd7]
2026-05-03T03:38:56.417+01:00  INFO 17204 --- [PI] [           main] o.s.s.web.DefaultSecurityFilterChain     : Will secure any request with [org.springframework.security.web.session.DisableEncodeUrlFilter@4d35f066, org.springframework.security.web.context.request.async.WebAsyncManagerIntegrationFilter@702e553b, org.springframework.security.web.context.SecurityContextHolderFilter@68b4e3a1, org.springframework.security.web.header.HeaderWriterFilter@73858ba, org.springframework.web.filter.CorsFilter@45a844de, org.springframework.security.web.authentication.logout.LogoutFilter@325ca360, tn.esprit._4se2.pi.security.jwt.JwtAuthFilter@a19fe87, org.springframework.security.web.savedrequest.RequestCacheAwareFilter@315c13b4, org.springframework.security.web.servletapi.SecurityContextHolderAwareRequestFilter@1cb95256, org.springframework.security.web.authentication.AnonymousAuthenticationFilter@20d7c50d, org.springframework.security.web.session.SessionManagementFilter@37cac511, org.springframework.security.web.access.ExceptionTranslationFilter@813cef, org.springframework.security.web.access.intercept.AuthorizationFilter@4845abe5]
2026-05-03T03:38:56.517+01:00 DEBUG 17204 --- [PI] [           main] s.w.s.m.m.a.RequestMappingHandlerAdapter : ControllerAdvice beans: 0 @ModelAttribute, 0 @InitBinder, 1 RequestBodyAdvice, 1 ResponseBodyAdvice
2026-05-03T03:38:56.558+01:00 DEBUG 17204 --- [PI] [           main] .m.m.a.ExceptionHandlerExceptionResolver : ControllerAdvice beans: 2 @ExceptionHandler, 1 ResponseBodyAdvice
2026-05-03T03:38:56.886+01:00  INFO 17204 --- [PI] [           main] o.s.b.w.embedded.tomcat.TomcatWebServer  : Tomcat started on port 8085 (http) with context path ''
2026-05-03T03:38:56.887+01:00 DEBUG 17204 --- [PI] [           main] org.springframework.web.SimpLogging      : clientOutboundChannel added SubProtocolWebSocketHandler[StompSubProtocolHandler[v10.stomp, v11.stomp, v12.stomp]]
2026-05-03T03:38:56.889+01:00 DEBUG 17204 --- [PI] [           main] org.springframework.web.SimpLogging      : clientInboundChannel added WebSocketAnnotationMethodMessageHandler[prefixes=[/app/]]
2026-05-03T03:38:56.889+01:00  INFO 17204 --- [PI] [           main] o.s.m.s.b.SimpleBrokerMessageHandler     : Starting...
2026-05-03T03:38:56.889+01:00 DEBUG 17204 --- [PI] [           main] org.springframework.web.SimpLogging      : clientInboundChannel added SimpleBrokerMessageHandler [org.springframework.messaging.simp.broker.DefaultSubscriptionRegistry@566013ec]
2026-05-03T03:38:56.890+01:00 DEBUG 17204 --- [PI] [           main] org.springframework.web.SimpLogging      : brokerChannel added SimpleBrokerMessageHandler [org.springframework.messaging.simp.broker.DefaultSubscriptionRegistry@566013ec]
2026-05-03T03:38:56.890+01:00  INFO 17204 --- [PI] [           main] o.s.m.s.b.SimpleBrokerMessageHandler     : BrokerAvailabilityEvent[available=true, SimpleBrokerMessageHandler [org.springframework.messaging.simp.broker.DefaultSubscriptionRegistry@566013ec]]
2026-05-03T03:38:56.891+01:00  INFO 17204 --- [PI] [           main] o.s.m.s.b.SimpleBrokerMessageHandler     : Started.
2026-05-03T03:38:56.892+01:00 DEBUG 17204 --- [PI] [           main] org.springframework.web.SimpLogging      : clientInboundChannel added UserDestinationMessageHandler[DefaultUserDestinationResolver[prefix=/user/]]
2026-05-03T03:38:56.892+01:00 DEBUG 17204 --- [PI] [           main] org.springframework.web.SimpLogging      : brokerChannel added UserDestinationMessageHandler[DefaultUserDestinationResolver[prefix=/user/]]
2026-05-03T03:38:56.898+01:00  INFO 17204 --- [PI] [           main] tn.esprit._4se2.pi.PiApplication         : Started PiApplication in 10.376 seconds (process running for 10.713)
2026-05-03T03:38:58.583+01:00  INFO 17204 --- [PI] [nio-8085-exec-1] o.a.c.c.C.[Tomcat].[localhost].[/]       : Initializing Spring DispatcherServlet 'dispatcherServlet'
2026-05-03T03:38:58.583+01:00  INFO 17204 --- [PI] [nio-8085-exec-1] o.s.web.servlet.DispatcherServlet        : Initializing Servlet 'dispatcherServlet'
2026-05-03T03:38:58.584+01:00 DEBUG 17204 --- [PI] [nio-8085-exec-1] o.s.web.servlet.DispatcherServlet        : Detected StandardServletMultipartResolver
2026-05-03T03:38:58.584+01:00 DEBUG 17204 --- [PI] [nio-8085-exec-1] o.s.web.servlet.DispatcherServlet        : Detected AcceptHeaderLocaleResolver
2026-05-03T03:38:58.584+01:00 DEBUG 17204 --- [PI] [nio-8085-exec-1] o.s.web.servlet.DispatcherServlet        : Detected FixedThemeResolver
2026-05-03T03:38:58.586+01:00 DEBUG 17204 --- [PI] [nio-8085-exec-1] o.s.web.servlet.DispatcherServlet        : Detected org.springframework.web.servlet.view.DefaultRequestToViewNameTranslator@5394d3dd
2026-05-03T03:38:58.587+01:00 DEBUG 17204 --- [PI] [nio-8085-exec-1] o.s.web.servlet.DispatcherServlet        : Detected org.springframework.web.servlet.support.SessionFlashMapManager@27b8eecb
2026-05-03T03:38:58.587+01:00 DEBUG 17204 --- [PI] [nio-8085-exec-1] o.s.web.servlet.DispatcherServlet        : enableLoggingRequestDetails='false': request parameters and headers will be masked to prevent unsafe logging of potentially sensitive data
2026-05-03T03:38:58.587+01:00  INFO 17204 --- [PI] [nio-8085-exec-1] o.s.web.servlet.DispatcherServlet        : Completed initialization in 4 ms
2026-05-03T03:38:58.594+01:00  WARN 17204 --- [PI] [nio-8085-exec-1] o.s.w.s.h.HandlerMappingIntrospector     : Cache miss for REQUEST dispatch to '/ws/info' (previous null). Performing MatchableHandlerMapping lookup. This is logged once only at WARN level, and every time at TRACE.
2026-05-03T03:38:58.605+01:00 DEBUG 17204 --- [PI] [nio-8085-exec-1] o.s.security.web.FilterChainProxy        : Securing GET /ws/info?t=1777775938515
2026-05-03T03:38:58.622+01:00 DEBUG 17204 --- [PI] [nio-8085-exec-1] o.s.s.w.a.AnonymousAuthenticationFilter  : Set SecurityContextHolder to anonymous SecurityContext
2026-05-03T03:38:58.628+01:00 DEBUG 17204 --- [PI] [nio-8085-exec-1] o.s.security.web.FilterChainProxy        : Secured GET /ws/info?t=1777775938515
2026-05-03T03:38:58.631+01:00 DEBUG 17204 --- [PI] [nio-8085-exec-1] o.s.web.servlet.DispatcherServlet        : GET "/ws/info?t=1777775938515", parameters={masked}
2026-05-03T03:38:58.633+01:00 DEBUG 17204 --- [PI] [nio-8085-exec-1] o.s.w.s.s.s.WebSocketHandlerMapping      : Mapped to org.springframework.web.socket.sockjs.support.SockJsHttpRequestHandler@7c2f7667
2026-05-03T03:38:58.642+01:00 DEBUG 17204 --- [PI] [nio-8085-exec-1] o.s.w.s.s.t.h.DefaultSockJsService       : Processing transport request: GET http://localhost:8085/ws/info?t=1777775938515
2026-05-03T03:38:58.645+01:00 DEBUG 17204 --- [PI] [nio-8085-exec-1] o.s.web.servlet.DispatcherServlet        : Completed 200 OK
2026-05-03T03:38:58.653+01:00 DEBUG 17204 --- [PI] [nio-8085-exec-2] o.s.security.web.FilterChainProxy        : Securing GET /ws/215/x1gc1g4i/websocket
2026-05-03T03:38:58.654+01:00 DEBUG 17204 --- [PI] [nio-8085-exec-2] o.s.s.w.a.AnonymousAuthenticationFilter  : Set SecurityContextHolder to anonymous SecurityContext
2026-05-03T03:38:58.657+01:00 DEBUG 17204 --- [PI] [nio-8085-exec-2] o.s.security.web.FilterChainProxy        : Secured GET /ws/215/x1gc1g4i/websocket
2026-05-03T03:38:58.657+01:00 DEBUG 17204 --- [PI] [nio-8085-exec-2] o.s.web.servlet.DispatcherServlet        : GET "/ws/215/x1gc1g4i/websocket", parameters={}
2026-05-03T03:38:58.658+01:00 DEBUG 17204 --- [PI] [nio-8085-exec-2] o.s.w.s.s.s.WebSocketHandlerMapping      : Mapped to org.springframework.web.socket.sockjs.support.SockJsHttpRequestHandler@7c2f7667
2026-05-03T03:38:58.660+01:00 DEBUG 17204 --- [PI] [nio-8085-exec-2] o.s.w.s.s.t.h.DefaultSockJsService       : Processing transport request: GET http://localhost:8085/ws/215/x1gc1g4i/websocket
2026-05-03T03:38:58.683+01:00 DEBUG 17204 --- [PI] [nio-8085-exec-2] o.s.web.servlet.DispatcherServlet        : Completed 101 SWITCHING_PROTOCOLS
2026-05-03T03:38:58.694+01:00 DEBUG 17204 --- [PI] [nio-8085-exec-2] s.w.s.h.LoggingWebSocketHandlerDecorator : New WebSocketServerSockJsSession[id=x1gc1g4i]
Hibernate: select u1_0.id,case when u1_1.id is not null then 1 when u1_2.id is not null then 2 when u1_3.id is not null then 3 when u1_4.id is not null then 4 when u1_0.id is not null then 0 end,u1_0.created_at,u1_0.email,u1_0.first_name,u1_0.is_active,u1_0.last_name,u1_0.password_hash,u1_0.phone,u1_0.profile_image_data,u1_0.profile_image_url,u1_0.role,u1_1.admin_role,u1_1.department,u1_2.business_license,u1_2.business_name,u1_2.location,u1_2.total_revenue,u1_3.games_played,u1_3.position,u1_3.rating,u1_3.skill_level,u1_4.experience,u1_4.team_code,u1_4.team_name from user u1_0 left join admins u1_1 on u1_0.id=u1_1.id left join field_owners u1_2 on u1_0.id=u1_2.id left join players u1_3 on u1_0.id=u1_3.id left join team_managers u1_4 on u1_0.id=u1_4.id where u1_0.email=?
2026-05-03T03:38:58.936+01:00 DEBUG 17204 --- [PI] [nboundChannel-2] org.springframework.web.SimpLogging      : Processing CONNECT user=ali@gmail.com session=x1gc1g4i
2026-05-03T03:38:58.944+01:00 DEBUG 17204 --- [PI] [nboundChannel-6] org.springframework.web.SimpLogging      : Processing SUBSCRIBE destination=/queue/call-userx1gc1g4i subscriptionId=sub-0 session=x1gc1g4i user=ali@gmail.com attributes[2] payload=byte[0]
2026-05-03T03:39:00.627+01:00 DEBUG 17204 --- [PI] [nio-8085-exec-7] o.s.security.web.FilterChainProxy        : Securing GET /ws/info?t=1777775940623
2026-05-03T03:39:00.627+01:00 DEBUG 17204 --- [PI] [nio-8085-exec-7] o.s.s.w.a.AnonymousAuthenticationFilter  : Set SecurityContextHolder to anonymous SecurityContext
2026-05-03T03:39:00.630+01:00 DEBUG 17204 --- [PI] [nio-8085-exec-7] o.s.security.web.FilterChainProxy        : Secured GET /ws/info?t=1777775940623
2026-05-03T03:39:00.630+01:00 DEBUG 17204 --- [PI] [nio-8085-exec-7] o.s.web.servlet.DispatcherServlet        : GET "/ws/info?t=1777775940623", parameters={masked}
2026-05-03T03:39:00.631+01:00 DEBUG 17204 --- [PI] [nio-8085-exec-7] o.s.w.s.s.s.WebSocketHandlerMapping      : Mapped to org.springframework.web.socket.sockjs.support.SockJsHttpRequestHandler@7c2f7667
2026-05-03T03:39:00.632+01:00 DEBUG 17204 --- [PI] [nio-8085-exec-7] o.s.w.s.s.t.h.DefaultSockJsService       : Processing transport request: GET http://localhost:8085/ws/info?t=1777775940623
2026-05-03T03:39:00.633+01:00 DEBUG 17204 --- [PI] [nio-8085-exec-7] o.s.web.servlet.DispatcherServlet        : Completed 200 OK
2026-05-03T03:39:00.639+01:00 DEBUG 17204 --- [PI] [nio-8085-exec-3] o.s.security.web.FilterChainProxy        : Securing GET /ws/105/qjs4r24m/websocket
2026-05-03T03:39:00.640+01:00 DEBUG 17204 --- [PI] [nio-8085-exec-3] o.s.s.w.a.AnonymousAuthenticationFilter  : Set SecurityContextHolder to anonymous SecurityContext
2026-05-03T03:39:00.641+01:00 DEBUG 17204 --- [PI] [nio-8085-exec-3] o.s.security.web.FilterChainProxy        : Secured GET /ws/105/qjs4r24m/websocket
2026-05-03T03:39:00.642+01:00 DEBUG 17204 --- [PI] [nio-8085-exec-3] o.s.web.servlet.DispatcherServlet        : GET "/ws/105/qjs4r24m/websocket", parameters={}
2026-05-03T03:39:00.643+01:00 DEBUG 17204 --- [PI] [nio-8085-exec-3] o.s.w.s.s.s.WebSocketHandlerMapping      : Mapped to org.springframework.web.socket.sockjs.support.SockJsHttpRequestHandler@7c2f7667
2026-05-03T03:39:00.643+01:00 DEBUG 17204 --- [PI] [nio-8085-exec-3] o.s.w.s.s.t.h.DefaultSockJsService       : Processing transport request: GET http://localhost:8085/ws/105/qjs4r24m/websocket
2026-05-03T03:39:00.644+01:00 DEBUG 17204 --- [PI] [nio-8085-exec-3] o.s.web.servlet.DispatcherServlet        : Completed 101 SWITCHING_PROTOCOLS
2026-05-03T03:39:00.644+01:00 DEBUG 17204 --- [PI] [nio-8085-exec-3] s.w.s.h.LoggingWebSocketHandlerDecorator : New WebSocketServerSockJsSession[id=qjs4r24m]
Hibernate: select u1_0.id,case when u1_1.id is not null then 1 when u1_2.id is not null then 2 when u1_3.id is not null then 3 when u1_4.id is not null then 4 when u1_0.id is not null then 0 end,u1_0.created_at,u1_0.email,u1_0.first_name,u1_0.is_active,u1_0.last_name,u1_0.password_hash,u1_0.phone,u1_0.profile_image_data,u1_0.profile_image_url,u1_0.role,u1_1.admin_role,u1_1.department,u1_2.business_license,u1_2.business_name,u1_2.location,u1_2.total_revenue,u1_3.games_played,u1_3.position,u1_3.rating,u1_3.skill_level,u1_4.experience,u1_4.team_code,u1_4.team_name from user u1_0 left join admins u1_1 on u1_0.id=u1_1.id left join field_owners u1_2 on u1_0.id=u1_2.id left join players u1_3 on u1_0.id=u1_3.id left join team_managers u1_4 on u1_0.id=u1_4.id where u1_0.email=?
2026-05-03T03:39:00.658+01:00 DEBUG 17204 --- [PI] [nboundChannel-8] org.springframework.web.SimpLogging      : Processing CONNECT user=ahmed@gmail.com session=qjs4r24m
2026-05-03T03:39:00.661+01:00 DEBUG 17204 --- [PI] [boundChannel-12] org.springframework.web.SimpLogging      : Processing SUBSCRIBE destination=/queue/call-userqjs4r24m subscriptionId=sub-0 session=qjs4r24m user=ahmed@gmail.com attributes[2] payload=byte[0]
